\BOOKMARK [1][-]{section*.1}{\376\377\000I\000n\000t\000r\000o\000d\000u\000c\000t\000i\000o\000n}{}% 1
\BOOKMARK [2][-]{section*.2}{\376\377\000P\000a\000r\000a\000d\000i\000g\000m\000s}{section*.1}% 2
\BOOKMARK [2][-]{section*.3}{\376\377\000W\000h\000y\000\040\000J\000a\000v\000a}{section*.1}% 3
\BOOKMARK [2][-]{section*.4}{\376\377\000S\000o\000f\000t\000\040\000E\000n\000g}{section*.1}% 4
\BOOKMARK [1][-]{section*.5}{\376\377\000S\000o\000f\000t\000w\000a\000r\000e\000\040\000D\000e\000v\000e\000l\000o\000p\000m\000e\000n\000t\000\040\000L\000i\000f\000e\000\040\000C\000y\000c\000l\000e}{}% 5
\BOOKMARK [2][-]{section*.6}{\376\377\000W\000a\000t\000e\000r\000f\000a\000l\000l}{section*.5}% 6
\BOOKMARK [2][-]{section*.7}{\376\377\000A\000g\000i\000l\000e\000\040\000\050\000s\000c\000r\000u\000m\000,\000\040\000s\000p\000r\000i\000n\000t\000\051}{section*.5}% 7
\BOOKMARK [2][-]{section*.8}{\376\377\000S\000p\000i\000r\000a\000l}{section*.5}% 8
\BOOKMARK [2][-]{section*.9}{\376\377\000G\000o\000o\000d\000\040\000s\000o\000f\000t\000w\000a\000r\000e}{section*.5}% 9
\BOOKMARK [1][-]{section*.10}{\376\377\000O\000O}{}% 10
\BOOKMARK [2][-]{section*.11}{\376\377\000E\000n\000c\000a\000p\000s\000u\000l\000a\000t\000i\000o\000n\000\040\000\050\000i\000n\000f\000o\000r\000m\000a\000t\000i\000o\000n\000\040\000h\000i\000d\000i\000n\000g\000\051}{section*.10}% 11
\BOOKMARK [2][-]{section*.12}{\376\377\000I\000n\000h\000e\000r\000i\000t\000a\000n\000c\000e\000\040\000\050\000i\000s\000-\000a\000\051}{section*.10}% 12
\BOOKMARK [3][-]{section*.13}{\376\377\000A\000s\000s\000o\000c\000i\000a\000t\000i\000o\000n}{section*.12}% 13
\BOOKMARK [3][-]{section*.14}{\376\377\000A\000g\000g\000r\000e\000g\000a\000t\000i\000o\000n\000\040\000\050\000h\000a\000s\000-\000a\000\051}{section*.12}% 14
\BOOKMARK [3][-]{section*.15}{\376\377\000C\000o\000m\000p\000o\000s\000i\000t\000i\000o\000n\000\040\000\050\000p\000a\000r\000t\000-\000o\000f\000\051}{section*.12}% 15
\BOOKMARK [3][-]{section*.16}{\376\377\000D\000e\000p\000e\000n\000d\000e\000n\000c\000e\000\040\000\050\000u\000s\000e\000s\000-\000a\000\051}{section*.12}% 16
\BOOKMARK [2][-]{section*.17}{\376\377\000A\000b\000s\000t\000r\000a\000c\000t\000i\000o\000n}{section*.10}% 17
\BOOKMARK [2][-]{section*.18}{\376\377\000P\000o\000l\000y\000m\000o\000r\000p\000h\000i\000s\000m}{section*.10}% 18
\BOOKMARK [1][-]{section*.19}{\376\377\000C\000l\000a\000s\000s\000\040\000D\000i\000a\000g\000r\000a\000m\000s}{}% 19
\BOOKMARK [1][-]{section*.20}{\376\377\000D\000e\000s\000i\000g\000n\000\040\000P\000a\000t\000t\000e\000r\000n\000s}{}% 20
\BOOKMARK [2][-]{section*.21}{\376\377\000D\000e\000c\000o\000r\000a\000t\000o\000r}{section*.20}% 21
\BOOKMARK [2][-]{section*.22}{\376\377\000F\000a\000c\000t\000o\000r\000y}{section*.20}% 22
\BOOKMARK [2][-]{section*.23}{\376\377\000S\000t\000r\000a\000t\000e\000g\000y}{section*.20}% 23
\BOOKMARK [2][-]{section*.24}{\376\377\000O\000b\000s\000e\000r\000v\000e\000r}{section*.20}% 24
\BOOKMARK [2][-]{section*.25}{\376\377\000S\000i\000n\000g\000l\000e\000t\000o\000n}{section*.20}% 25
\BOOKMARK [2][-]{section*.26}{\376\377\000A\000d\000a\000p\000t\000e\000r}{section*.20}% 26
\BOOKMARK [2][-]{section*.27}{\376\377\000P\000r\000o\000x\000y}{section*.20}% 27
\BOOKMARK [2][-]{section*.28}{\376\377\000C\000o\000m\000m\000a\000n\000d}{section*.20}% 28
\BOOKMARK [1][-]{section*.29}{\376\377\000D\000e\000s\000i\000g\000n\000\040\000P\000r\000i\000n\000c\000i\000p\000l\000e\000s}{}% 29
\BOOKMARK [2][-]{section*.30}{\376\377\000S\000i\000n\000g\000l\000e\000\040\000r\000e\000s\000p\000o\000n\000s\000i\000b\000i\000l\000i\000t\000y\000\040\000p\000r\000i\000n\000c\000i\000p\000l\000e}{section*.29}% 30
\BOOKMARK [2][-]{section*.31}{\376\377\000O\000p\000e\000n\000-\000c\000l\000o\000s\000e\000\040\000p\000r\000i\000n\000c\000i\000p\000l\000e}{section*.29}% 31
\BOOKMARK [2][-]{section*.32}{\376\377\000L\000i\000s\000k\000o\000v\000'\000s\000\040\000s\000u\000b\000s\000t\000i\000t\000u\000t\000i\000o\000n\000\040\000p\000r\000i\000n\000c\000i\000p\000l\000e}{section*.29}% 32
\BOOKMARK [2][-]{section*.33}{\376\377\000I\000n\000t\000e\000r\000f\000a\000c\000e\000\040\000s\000e\000g\000r\000e\000g\000a\000t\000i\000o\000n}{section*.29}% 33
\BOOKMARK [2][-]{section*.34}{\376\377\000D\000e\000p\000e\000n\000d\000e\000n\000c\000y\000\040\000i\000n\000v\000e\000r\000s\000i\000o\000n}{section*.29}% 34
\BOOKMARK [1][-]{section*.35}{\376\377\000T\000e\000s\000t\000i\000n\000g}{}% 35
\BOOKMARK [2][-]{section*.36}{\376\377\000N\000u\000m\000b\000e\000r\000\040\000o\000f\000\040\000b\000u\000g\000s}{section*.35}% 36
