\BOOKMARK [1][-]{section*.1}{\376\377\000D\000i\000g\000i\000t\000a\000l\000\040\000l\000o\000g\000i\000c}{}% 1
\BOOKMARK [1][-]{section*.2}{\376\377\000R\000e\000p\000r\000e\000s\000e\000n\000t\000a\000t\000i\000o\000n\000s}{}% 2
\BOOKMARK [1][-]{section*.3}{\376\377\000P\000r\000o\000c\000e\000s\000s\000o\000r\000s}{}% 3
\BOOKMARK [2][-]{section*.4}{\376\377\000F\000e\000t\000c\000h\000-\000e\000x\000e\000c\000u\000t\000e\000\040\000c\000y\000c\000l\000e}{section*.3}% 4
\BOOKMARK [1][-]{section*.5}{\376\377\000I\000n\000s\000t\000r\000u\000c\000t\000i\000o\000n\000s}{}% 5
\BOOKMARK [2][-]{section*.6}{\376\377\000O\000p\000e\000r\000a\000n\000d\000s}{section*.5}% 6
\BOOKMARK [1][-]{section*.7}{\376\377\000M\000i\000c\000r\000o\000c\000o\000d\000e}{}% 7
\BOOKMARK [2][-]{section*.8}{\376\377\000C\000o\000m\000p\000i\000l\000a\000t\000i\000o\000n}{section*.7}% 8
\BOOKMARK [1][-]{section*.9}{\376\377\000P\000h\000y\000s\000i\000c\000a\000l\000\040\000m\000e\000m\000o\000r\000y}{}% 9
\BOOKMARK [2][-]{section*.10}{\376\377\000M\000e\000m\000o\000r\000y\000\040\000h\000i\000e\000r\000a\000r\000c\000h\000y}{section*.9}% 10
\BOOKMARK [2][-]{section*.11}{\376\377\000R\000A\000M}{section*.9}% 11
\BOOKMARK [2][-]{section*.12}{\376\377\000M\000e\000m\000o\000r\000y\000\040\000o\000r\000g\000a\000n\000i\000z\000a\000t\000i\000o\000n}{section*.9}% 12
\BOOKMARK [2][-]{section*.13}{\376\377\000B\000y\000t\000e\000\040\000a\000d\000d\000r\000e\000s\000s\000i\000n\000g}{section*.9}% 13
\BOOKMARK [2][-]{section*.14}{\376\377\000M\000e\000m\000o\000r\000y\000\040\000a\000l\000i\000g\000n\000m\000e\000n\000t}{section*.9}% 14
\BOOKMARK [2][-]{section*.15}{\376\377\000M\000e\000m\000o\000r\000y\000\040\000a\000d\000d\000r\000e\000s\000s\000\040\000s\000p\000a\000c\000e}{section*.9}% 15
\BOOKMARK [2][-]{section*.16}{\376\377\000M\000e\000m\000o\000r\000y\000\040\000m\000a\000n\000a\000g\000e\000m\000e\000n\000t\000\040\000u\000n\000i\000t\000\040\000\050\000M\000M\000U\000\051}{section*.9}% 16
\BOOKMARK [2][-]{section*.17}{\376\377\000C\000a\000c\000h\000i\000n\000g}{section*.9}% 17
\BOOKMARK [3][-]{section*.18}{\376\377\000C\000a\000c\000h\000e\000\040\000p\000e\000r\000f\000o\000r\000m\000a\000n\000c\000e}{section*.17}% 18
\BOOKMARK [3][-]{section*.19}{\376\377\000C\000a\000c\000h\000e\000\040\000r\000e\000p\000l\000a\000c\000e\000m\000e\000n\000t\000\040\000p\000o\000l\000i\000c\000y}{section*.17}% 19
\BOOKMARK [3][-]{section*.20}{\376\377\000C\000a\000c\000h\000e\000\040\000m\000a\000i\000n\000t\000e\000n\000a\000n\000c\000e}{section*.17}% 20
\BOOKMARK [3][-]{section*.21}{\376\377\000D\000i\000r\000e\000c\000t\000\040\000m\000a\000p\000p\000e\000d\000\040\000m\000e\000m\000o\000r\000y\000\040\000c\000a\000c\000h\000e\000\040\000\050\000D\000M\000M\000C\000\051}{section*.17}% 21
\BOOKMARK [3][-]{section*.22}{\376\377\000S\000e\000t\000\040\000a\000s\000s\000o\000c\000i\000a\000t\000i\000v\000e\000\040\000m\000e\000m\000o\000r\000y\000\040\000c\000a\000c\000h\000e}{section*.17}% 22
\BOOKMARK [1][-]{section*.23}{\376\377\000V\000i\000r\000t\000u\000a\000l\000\040\000m\000e\000m\000o\000r\000y}{}% 23
\BOOKMARK [2][-]{section*.24}{\376\377\000B\000a\000s\000e\000-\000b\000o\000u\000n\000d\000\040\000r\000e\000g\000i\000s\000t\000e\000r\000s}{section*.23}% 24
\BOOKMARK [2][-]{section*.25}{\376\377\000S\000e\000g\000m\000e\000n\000t\000a\000t\000i\000o\000n}{section*.23}% 25
\BOOKMARK [2][-]{section*.26}{\376\377\000D\000e\000m\000a\000n\000d\000\040\000p\000a\000g\000i\000n\000g}{section*.23}% 26
\BOOKMARK [2][-]{section*.27}{\376\377\000T\000r\000a\000n\000s\000l\000a\000t\000i\000o\000n\000\040\000l\000o\000o\000k\000a\000s\000i\000d\000e\000\040\000b\000u\000f\000f\000e\000r\000\040\000\050\000T\000L\000B\000\051}{section*.23}% 27
\BOOKMARK [1][-]{section*.28}{\376\377\000I\000/\000O\000\040\000d\000e\000v\000i\000c\000e\000s}{}% 28
\BOOKMARK [2][-]{section*.29}{\376\377\000D\000a\000t\000a\000\040\000t\000r\000a\000n\000s\000f\000e\000r}{section*.28}% 29
\BOOKMARK [3][-]{section*.30}{\376\377\000C\000o\000m\000m\000u\000n\000i\000c\000a\000t\000i\000o\000n\000\040\000c\000h\000a\000n\000n\000e\000l\000\040\000d\000i\000r\000e\000c\000t\000i\000o\000n\000a\000l\000i\000t\000y}{section*.29}% 30
\BOOKMARK [2][-]{section*.31}{\376\377\000M\000u\000l\000t\000i\000p\000l\000e\000x\000i\000n\000g}{section*.28}% 31
\BOOKMARK [2][-]{section*.32}{\376\377\000I\000/\000O\000\040\000b\000u\000s}{section*.28}% 32
\BOOKMARK [3][-]{section*.33}{\376\377\000B\000u\000s\000\040\000a\000d\000d\000r\000e\000s\000s\000\040\000s\000p\000a\000c\000e}{section*.32}% 33
\BOOKMARK [3][-]{section*.34}{\376\377\000U\000n\000i\000f\000i\000e\000d\000\040\000a\000d\000d\000r\000e\000s\000s\000\040\000s\000p\000a\000c\000e}{section*.32}% 34
\BOOKMARK [2][-]{section*.35}{\376\377\000I\000/\000O\000\040\000b\000r\000i\000d\000g\000e}{section*.28}% 35
\BOOKMARK [2][-]{section*.36}{\376\377\000P\000r\000o\000g\000r\000a\000m\000m\000e\000d\000\040\000I\000/\000O}{section*.28}% 36
\BOOKMARK [2][-]{section*.37}{\376\377\000I\000n\000t\000e\000r\000r\000u\000p\000t\000-\000d\000r\000i\000v\000e\000n\000\040\000I\000/\000O}{section*.28}% 37
\BOOKMARK [2][-]{section*.38}{\376\377\000D\000e\000v\000i\000c\000e\000\040\000d\000r\000i\000v\000e\000r}{section*.28}% 38
\BOOKMARK [2][-]{section*.39}{\376\377\000S\000y\000s\000t\000e\000m\000\040\000c\000a\000l\000l\000s}{section*.28}% 39
\BOOKMARK [2][-]{section*.40}{\376\377\000D\000i\000r\000e\000c\000t\000\040\000m\000e\000m\000o\000r\000y\000\040\000a\000c\000c\000e\000s\000s}{section*.28}% 40
\BOOKMARK [2][-]{section*.41}{\376\377\000B\000u\000f\000f\000e\000r\000i\000n\000g}{section*.28}% 41
