\BOOKMARK [1][-]{section*.1}{\376\377\000T\000i\000l\000d\000e\000\040\000a\000p\000p\000r\000o\000x\000i\000m\000a\000t\000i\000o\000n}{}% 1
\BOOKMARK [1][-]{section*.2}{\376\377\000O\000r\000d\000e\000r\000\040\000o\000f\000\040\000g\000r\000o\000w\000t\000h\000\040\000a\000p\000p\000r\000o\000x\000i\000m\000a\000t\000i\000o\000n\000\040\000\050\000B\000i\000g\000\040\000O\000\051}{}% 2
\BOOKMARK [1][-]{section*.3}{\376\377\000B\000i\000g\000\040\000O\000m\000e\000g\000a}{}% 3
\BOOKMARK [1][-]{section*.4}{\376\377\000B\000i\000g\000\040\000T\000h\000e\000t\000a}{}% 4
\BOOKMARK [1][-]{section*.5}{\376\377\000U\000n\000i\000o\000n\000-\000F\000i\000n\000d}{}% 5
\BOOKMARK [1][-]{section*.6}{\376\377\000S\000h\000e\000l\000l\000s\000o\000r\000t}{}% 6
\BOOKMARK [1][-]{section*.7}{\376\377\000P\000r\000i\000o\000r\000i\000t\000y\000\040\000Q\000u\000e\000u\000e}{}% 7
\BOOKMARK [1][-]{section*.8}{\376\377\000H\000e\000a\000p\000s\000o\000r\000t}{}% 8
\BOOKMARK [1][-]{section*.9}{\376\377\000S\000o\000r\000t\000i\000n\000g}{}% 9
\BOOKMARK [1][-]{section*.10}{\376\377\000B\000S\000T}{}% 10
\BOOKMARK [2][-]{section*.11}{\376\377\000D\000e\000l\000e\000t\000i\000o\000n}{section*.10}% 11
\BOOKMARK [2][-]{section*.12}{\376\377\0002\000-\0003}{section*.10}% 12
\BOOKMARK [2][-]{section*.13}{\376\377\000R\000e\000d\000-\000b\000l\000a\000c\000k}{section*.10}% 13
\BOOKMARK [2][-]{section*.14}{\376\377\000B\000-\000t\000r\000e\000e}{section*.10}% 14
\BOOKMARK [1][-]{section*.15}{\376\377\000H\000a\000s\000h\000\040\000t\000a\000b\000l\000e\000s}{}% 15
\BOOKMARK [2][-]{section*.16}{\376\377\000O\000p\000e\000n\000\040\000a\000d\000d\000r\000e\000s\000s\000i\000n\000g}{section*.15}% 16
\BOOKMARK [1][-]{section*.17}{\376\377\000G\000r\000a\000p\000h\000s}{}% 17
\BOOKMARK [2][-]{section*.18}{\376\377\000D\000F\000S}{section*.17}% 18
\BOOKMARK [2][-]{section*.19}{\376\377\000B\000F\000S}{section*.17}% 19
\BOOKMARK [2][-]{section*.20}{\376\377\000C\000o\000n\000n\000e\000c\000t\000e\000d\000\040\000c\000o\000m\000p\000o\000n\000e\000n\000t\000s}{section*.17}% 20
\BOOKMARK [2][-]{section*.21}{\376\377\000M\000u\000l\000t\000i\000p\000l\000e\000-\000s\000o\000u\000r\000c\000e\000\040\000s\000h\000o\000r\000t\000e\000s\000t\000\040\000p\000a\000t\000h}{section*.17}% 21
\BOOKMARK [2][-]{section*.22}{\376\377\000P\000r\000e\000c\000e\000d\000e\000n\000c\000e\000-\000c\000o\000n\000s\000t\000r\000a\000i\000n\000e\000d\000\040\000s\000c\000h\000e\000d\000u\000l\000i\000n\000g}{section*.17}% 22
\BOOKMARK [2][-]{section*.23}{\376\377\000S\000t\000r\000o\000n\000g\000l\000y\000-\000c\000o\000n\000n\000e\000c\000t\000e\000d\000\040\000c\000o\000m\000p\000o\000n\000e\000n\000t\000s}{section*.17}% 23
\BOOKMARK [2][-]{section*.24}{\376\377\000M\000i\000n\000i\000m\000u\000m\000\040\000s\000p\000a\000n\000n\000i\000n\000g\000\040\000t\000r\000e\000e}{section*.17}% 24
\BOOKMARK [2][-]{section*.25}{\376\377\000K\000r\000u\000s\000k\000a\000l\000'\000s\000\040\000a\000l\000g\000o\000r\000i\000t\000h\000m}{section*.17}% 25
\BOOKMARK [3][-]{section*.26}{\376\377\000C\000y\000c\000l\000e\000\040\000c\000h\000e\000c\000k\000i\000n\000g}{section*.25}% 26
\BOOKMARK [3][-]{section*.27}{\376\377\000I\000m\000p\000l\000e\000m\000e\000n\000t\000a\000t\000i\000o\000n}{section*.25}% 27
\BOOKMARK [2][-]{section*.28}{\376\377\000P\000r\000i\000m\000'\000s\000\040\000a\000l\000g\000o\000r\000i\000t\000h\000m}{section*.17}% 28
\BOOKMARK [3][-]{section*.29}{\376\377\000C\000h\000e\000a\000p\000e\000s\000t\000\040\000e\000d\000g\000e\000\040\000w\000i\000t\000h\000\040\000o\000n\000l\000y\000\040\000o\000n\000e\000\040\000e\000n\000d\000p\000o\000i\000n\000t\000\040\000i\000n\000\040\000T}{section*.28}% 29
\BOOKMARK [3][-]{section*.30}{\376\377\000L\000a\000z\000y\000\040\000i\000m\000p\000l\000e\000m\000e\000n\000t\000a\000t\000i\000o\000n}{section*.28}% 30
\BOOKMARK [3][-]{section*.31}{\376\377\000E\000a\000g\000e\000r\000\040\000i\000m\000p\000l\000e\000m\000e\000n\000t\000a\000t\000i\000o\000n}{section*.28}% 31
\BOOKMARK [2][-]{section*.32}{\376\377\000K\000r\000u\000s\000k\000a\000l\000\040\000v\000s\000.\000\040\000P\000r\000i\000m}{section*.17}% 32
